2023-04-19 18:16:37 Enable Flag is: 1.
2023-04-19 18:20:28 Enable Flag is: 1.
2023-04-19 18:21:15 Enable Flag is: 1.
2023-04-19 18:21:24 Enable Flag is: 1.
2023-04-19 18:21:50 Enable Flag is: 1.
2023-04-19 18:22:04 Enable Flag is: 1.
2023-04-19 18:22:25 Enable Flag is: 1.
2023-04-19 18:22:47 Enable Flag is: 1.
2023-04-19 18:22:47 Retrieved 5 assigned messages.
2023-04-19 18:22:47  phone successfully sent to 60167778887 
2023-04-19 18:22:47  phone successfully sent to 60167778888 
2023-04-19 18:22:47  phone successfully sent to 60167778888 
2023-04-19 18:22:47  phone successfully sent to 60167778888 
2023-04-19 18:22:47  phone successfully sent to 60167778888 
2023-04-19 18:22:47 The process is going to sleep for: 2second(s)
2023-04-19 18:22:49 Enable Flag is: 1.
2023-04-19 18:22:49 Retrieved 5 assigned messages.
2023-04-19 18:22:49  phone successfully sent to 60167778888 
2023-04-19 18:22:49  phone successfully sent to 60167778888 
2023-04-19 18:22:49  phone successfully sent to 60167778888 
2023-04-19 18:22:49  phone successfully sent to 60167778888 
2023-04-19 18:22:49  phone successfully sent to 60167778888 
2023-04-19 18:22:49 The process is going to sleep for: 2second(s)
2023-04-19 18:22:51 Enable Flag is: 1.
2023-04-19 18:22:51 Retrieved 4 assigned messages.
2023-04-19 18:22:51  phone successfully sent to 60167778888 
2023-04-19 18:22:51  phone successfully sent to 60167778888 
2023-04-19 18:22:51  phone successfully sent to 60167778888 
2023-04-19 18:22:51 Provider : 
2023-04-19 18:22:51 Telegram Params URL : 
2023-04-19 18:22:51 Telegram Params Recipient : 
2023-04-19 18:22:51 Telegram Params Content : 
2023-04-19 18:28:25 Enable Flag is: 1.
2023-04-19 18:28:25 Retrieved 2 assigned messages.
2023-04-19 18:28:25 Provider : 
2023-04-19 18:28:25 Telegram Params URL : 
2023-04-19 18:28:25 Telegram Params Recipient : 
2023-04-19 18:28:25 Telegram Params Content : 
2023-04-19 18:28:46 Enable Flag is: 1.
2023-04-19 18:28:46 Retrieved 2 assigned messages.
2023-04-19 18:28:46 Provider : 
2023-04-19 18:28:46 Telegram Params URL : 
2023-04-19 18:28:46 Telegram Params Recipient : 
2023-04-19 18:28:46 Telegram Params Content : 
2023-04-19 18:28:54 Enable Flag is: 1.
2023-04-19 18:28:54 Retrieved 2 assigned messages.
2023-04-19 18:28:54 Provider : 
2023-04-19 18:28:54 Telegram Params URL : 
2023-04-19 18:28:54 Telegram Params Recipient : 
2023-04-19 18:28:54 Telegram Params Content : 
2023-04-19 18:29:06 Enable Flag is: 1.
2023-04-19 18:29:06 Retrieved 2 assigned messages.
2023-04-19 18:29:06 Provider : 
2023-04-19 18:29:06 Telegram Params URL : 
2023-04-19 18:29:06 Telegram Params Recipient : 
2023-04-19 18:29:06 Telegram Params Content : 
2023-04-19 18:29:43 Enable Flag is: 1.
2023-04-19 18:29:43 Retrieved 2 assigned messages.
2023-04-19 18:29:43 Provider : 
2023-04-19 18:29:43 Telegram Params URL : 
2023-04-19 18:29:43 Telegram Params Recipient : 
2023-04-19 18:29:43 Telegram Params Content : 
2023-04-19 18:30:09 Enable Flag is: 1.
2023-04-19 18:30:09 Retrieved 2 assigned messages.
2023-04-19 18:30:09 Provider : 
2023-04-19 18:30:09 Telegram Params URL : 
2023-04-19 18:30:09 Telegram Params Recipient : 
2023-04-19 18:30:09 Telegram Params Content : 
